<?xml version="1.0" encoding="UTF-8" standalone="no"?><testsuite errors="1" failures="0" name="comprobar funcionalidades alertas de la pagina ToolQA" skipped="0" tests="1" time="7.74" timestamp="2023-04-10 10:23:41"><testcase name="ingresar a la pagina de ToolQA y usar las funcionalidades de Alerts"><error message="Could not instantiate new WebDriver instance of type class org.openqa.selenium.chrome.ChromeDriver (Unable to establish websocket connection to http://localhost:51684/devtools/browser/949d152a-07ea-4dab-a70b-7ee661e3ee6f&#10;Build info: version: '4.1.2', revision: '9a5a329c5a'&#10;System info: host: 'PE-HO-606', ip: '192.168.20.35', os.name: 'Windows 11', os.arch: 'amd64', os.version: '10.0', java.version: '19.0.1'&#10;Driver info: driver.version: ProvideNewDriver). See below for more details." type="net.thucydides.core.webdriver.DriverConfigurationError">Could not instantiate new WebDriver instance of type class org.openqa.selenium.chrome.ChromeDriver (Unable to establish websocket connection to http://localhost:51684/devtools/browser/949d152a-07ea-4dab-a70b-7ee661e3ee6f
Build info: version: '4.1.2', revision: '9a5a329c5a'
System info: host: 'PE-HO-606', ip: '192.168.20.35', os.name: 'Windows 11', os.arch: 'amd64', os.version: '10.0', java.version: '19.0.1'
Driver info: driver.version: ProvideNewDriver). See below for more details.</error><system-err>Could not instantiate new WebDriver instance of type class org.openqa.selenium.chrome.ChromeDriver (Unable to establish websocket connection to http://localhost:51684/devtools/browser/949d152a-07ea-4dab-a70b-7ee661e3ee6f
Build info: version: '4.1.2', revision: '9a5a329c5a'
System info: host: 'PE-HO-606', ip: '192.168.20.35', os.name: 'Windows 11', os.arch: 'amd64', os.version: '10.0', java.version: '19.0.1'
Driver info: driver.version: ProvideNewDriver). See below for more details.&#13;
stepDefinitions.toolQaAlertsStep.el_usuario_ingresa_a_la_opcion_alerts_para_usar_las_funciones(toolQaAlertsStep.java:30)&#13;
io.cucumber.java.Invoker.doInvoke(Invoker.java:66)&#13;
io.cucumber.java.Invoker.invoke(Invoker.java:24)&#13;
io.cucumber.java.AbstractGlueDefinition.invokeMethod(AbstractGlueDefinition.java:47)&#13;
io.cucumber.java.JavaStepDefinition.execute(JavaStepDefinition.java:29)&#13;
io.cucumber.core.runner.CoreStepDefinition.execute(CoreStepDefinition.java:66)&#13;
io.cucumber.core.runner.PickleStepDefinitionMatch.runStep(PickleStepDefinitionMatch.java:63)&#13;
io.cucumber.core.runner.TestStep.executeStep(TestStep.java:86)&#13;
io.cucumber.core.runner.TestStep.run(TestStep.java:57)&#13;
io.cucumber.core.runner.PickleStepTestStep.run(PickleStepTestStep.java:51)&#13;
io.cucumber.core.runner.TestCase.run(TestCase.java:95)&#13;
io.cucumber.core.runner.Runner.runPickle(Runner.java:75)&#13;
io.cucumber.core.runtime.CucumberExecutionContext.lambda$runTestCase$3(CucumberExecutionContext.java:151)&#13;
io.cucumber.core.runtime.RethrowingThrowableCollector.executeAndThrow(RethrowingThrowableCollector.java:23)&#13;
io.cucumber.core.runtime.CucumberExecutionContext.runTestCase(CucumberExecutionContext.java:151)&#13;
io.cucumber.junit.FeatureRunner.runChild(FeatureRunner.java:144)&#13;
io.cucumber.junit.FeatureRunner.runChild(FeatureRunner.java:28)&#13;
io.cucumber.junit.FeatureRunner.run(FeatureRunner.java:137)&#13;
io.cucumber.junit.CucumberSerenityRunner.runChild(CucumberSerenityRunner.java:259)&#13;
io.cucumber.junit.CucumberSerenityRunner.runChild(CucumberSerenityRunner.java:58)&#13;
</system-err></testcase></testsuite>